<?xml version="1.0" encoding="UTF-8"?>
<!-- Generated by org.testng.reporters.JUnitReportReporter -->
<testsuite hostname="U4-DPE-CPU-0233" name="com.demostoreqa.FunctionalTests.TestNGAnnotationPractice" tests="3" failures="0" timestamp="11 Jan 2017 09:59:42 GMT" time="0.019" errors="0">
  <testcase name="Test1" time="0.013" classname="com.demostoreqa.FunctionalTests.TestNGAnnotationPractice"/>
  <testcase name="Test3" time="0.003" classname="com.demostoreqa.FunctionalTests.TestNGAnnotationPractice"/>
  <testcase name="Test2" time="0.003" classname="com.demostoreqa.FunctionalTests.TestNGAnnotationPractice"/>
</testsuite> <!-- com.demostoreqa.FunctionalTests.TestNGAnnotationPractice -->
