<?xml version="1.0" encoding="UTF-8"?>
<!-- Generated by org.testng.reporters.JUnitReportReporter -->
<testsuite hostname="U4-DPE-CPU-0233" name="com.demostoreqa.FunctionalTests.DemoStoreQAFunctionalTest" tests="1" failures="0" timestamp="25 Jan 2017 09:28:57 GMT" time="33.155" errors="0">
  <testcase name="verifyUserIsAbleToPurchaseSingleProduct" time="33.155" classname="com.demostoreqa.FunctionalTests.DemoStoreQAFunctionalTest"/>
</testsuite> <!-- com.demostoreqa.FunctionalTests.DemoStoreQAFunctionalTest -->
